<?xml version="1.0" encoding="UTF-8"?>
<!-- Generated by org.testng.reporters.JUnitXMLReporter -->
<testsuite ignored="1" hostname="RLP1725" failures="0" tests="1" name="OFS Selenium" time="8.305" errors="0" timestamp="24 May 2022 06:47:38 GMT">
  <testcase classname="test.java.com.ofs.testcases.DemoSmokeTestCase" name="testRegTestCase" time="4.002"/>
  <testcase classname="test.java.com.ofs.testcases.DemoSmokeTestCase" name="testSmokeTestCase" time="0.0">
    <ignored/>
  </testcase> <!-- testSmokeTestCase -->
</testsuite> <!-- OFS Selenium -->
